<?xml version="1.0" encoding="UTF-8"?>
<testng-results skipped="0" failed="0" ignored="0" total="1" passed="1">
  <reporter-output>
  </reporter-output>
  <suite name="Command line suite" duration-ms="23" started-at="2019-07-03T14:55:21 IST" finished-at="2019-07-03T14:55:21 IST">
    <groups>
    </groups>
    <test name="Command line test" duration-ms="23" started-at="2019-07-03T14:55:21 IST" finished-at="2019-07-03T14:55:21 IST">
      <class name="Cucumber.Framework_Auto.AppTest">
        <test-method status="PASS" signature="testApp()[pri:0, instance:testApp(Cucumber.Framework_Auto.AppTest)]" name="testApp" duration-ms="5" started-at="2019-07-03T14:55:21 IST" finished-at="2019-07-03T14:55:21 IST">
          <reporter-output>
          </reporter-output>
        </test-method> <!-- testApp -->
      </class> <!-- Cucumber.Framework_Auto.AppTest -->
    </test> <!-- Command line test -->
  </suite> <!-- Command line suite -->
</testng-results>
